#
# A fatal error has been detected by the Java Runtime Environment:
#
#  EXCEPTION_ACCESS_VIOLATION (0xc0000005) at pc=0x00007ff82884bc8a, pid=10684, tid=26376
#
# JRE version: OpenJDK Runtime Environment Temurin-17.0.1+12 (17.0.1+12) (build 17.0.1+12)
# Java VM: OpenJDK 64-Bit Server VM Temurin-17.0.1+12 (17.0.1+12, mixed mode, emulated-client, tiered, compressed oops, compressed class ptrs, g1 gc, windows-amd64)
# Problematic frame:
# V  [jvm.dll+0x79bc8a]
#
# No core dump will be written. Minidumps are not enabled by default on client versions of Windows
#
# If you would like to submit a bug report, please visit:
#   https://github.com/adoptium/adoptium-support/issues
#

---------------  S U M M A R Y ------------

Command Line: -XX:+ShowCodeDetailsInExceptionMessages -agentlib:jdwp=transport=dt_socket,suspend=y,address=localhost:53252 -Dcom.sun.management.jmxremote -Dcom.sun.management.jmxremote.port=53251 -Dcom.sun.management.jmxremote.authenticate=false -Dcom.sun.management.jmxremote.ssl=false -Djava.rmi.server.hostname=localhost -Dspring.jmx.enabled=true -Dspring.application.admin.enabled=true -XX:TieredStopAtLevel=1 -Dspring.boot.project.name=LidarReceiver -javaagent:C:\App\sts-4.13.1.RELEASE\configuration\org.eclipse.osgi\262\0\.cp\lib\javaagent-shaded.jar -Dfile.encoding=UTF-8 com.wavem.LidarReceiverApplication --spring.output.ansi.enabled=always

Host: Intel(R) Core(TM) i7-7700HQ CPU @ 2.80GHz, 8 cores, 15G,  Windows 10 , 64 bit Build 17763 (10.0.17763.475)
Time: Fri Mar  4 13:24:02 2022 대한민국 표준시 elapsed time: 121.578140 seconds (0d 0h 2m 1s)

---------------  T H R E A D  ---------------

Current thread (0x000001e1b2ab97d0):  JavaThread "JDWP Transport Listener: dt_socket" daemon [_thread_in_vm, id=26376, stack(0x0000004435300000,0x0000004435400000)]

Stack: [0x0000004435300000,0x0000004435400000],  sp=0x00000044353ff820,  free space=1022k
Native frames: (J=compiled Java code, j=interpreted, Vv=VM code, C=native code)
V  [jvm.dll+0x79bc8a]
V  [jvm.dll+0x507e6c]
V  [jvm.dll+0x4cf4d4]
C  [jdwp.dll+0x22dff]


siginfo: EXCEPTION_ACCESS_VIOLATION (0xc0000005), reading address 0x0000000000fd001b


Register to memory mapping:

RIP=0x00007ff82884bc8a jvm.dll
RAX=0x00000000000000fc is an unknown value
RBX=0x000001e1b28d6328 points into unknown readable memory: 0x736944746c756166 | 66 61 75 6c 74 44 69 73
RCX=0x0000000000fd0017 is an unknown value
RDX=0x000001e1b3529c00 points into unknown readable memory: 0x7661772f6d6f634c | 4c 63 6f 6d 2f 77 61 76
RSP=0x00000044353ff820 is pointing into the stack for thread: 0x000001e1b2ab97d0
RBP=0x000001e1b2aaa850 points into unknown readable memory: 0xffffffff00000002 | 02 00 00 00 ff ff ff ff
RSI=0x0 is NULL
RDI=0xffffffffffffffff is an unknown value
R8 =0x000000000000002a is an unknown value
R9 =0x000000000000006a is an unknown value
R10=0x000001e1b3528720 points into unknown readable memory: 0x000001e1b36ef4f0 | f0 f4 6e b3 e1 01 00 00
R11=0x00000044353ff840 is pointing into the stack for thread: 0x000001e1b2ab97d0
R12=0x00000044353ff978 is pointing into the stack for thread: 0x000001e1b2ab97d0
R13=0x0 is NULL
R14=0x000000080034efb8 is a pointer to class: 
com.wavem.service.MulticastEchoServer {0x000000080034efc0}
 - instance size:     6
 - klass size:        77
 - access:            public synchronized 
 - state:             fully_initialized
 - name:              'com/wavem/service/MulticastEchoServer'
 - super:             'java/lang/Object'
 - sub:               
 - arrays:            NULL
 - methods:           Array<T>(0x000001e1b7c6d7b8)
 - method ordering:   Array<T>(0x000001e1b7c6e1c8)
 - default_methods:   Array<T>(0x0000000000000000)
 - local interfaces:  Array<T>(0x000001e1b5d24fb8)
 - trans. interfaces: Array<T>(0x000001e1b5d2a1a0)
 - constants:         constant pool [313] {0x000001e1b7c74008} for 'com/wavem/service/MulticastEchoServer' cache=0x000001e1b7c6f6b0
 - class loader data:  loader data: 0x000001e1b28feea0 for instance a 'jdk/internal/loader/ClassLoaders$AppClassLoader'{0x0000000701507df8}
 - source file:       'MulticastEchoServer.java'
 - source debug extension:       SMAP
MulticastEchoServer.java
Java
*S jdt
*F
1 MulticastEchoServer.java
2 file:/D:/dev/workspace/LidarReceiver/target/classes/
*L
*E

 - class annotations:       Array<T>(0x000001e1b7c6e178)
 - class type annotations:  Array<T>(0x0000000000000000)
 - field annotations:       Array<T>(0x000001e1b7c6d6e0)
 - field type annotations:  Array<T>(0x0000000000000000)
 - previous version:  constant pool [307] {0x000001e1b5d288d8} for 'com/wavem/service/MulticastEchoServer' (extra) cache=0x000001e1b679ab60
 - generic signature: '
[error occurred during error reporting (printing register info), id 0xc0000005, EXCEPTION_ACCESS_VIOLATION (0xc0000005) at pc=0x00007ff82884c896]

Registers:
RAX=0x00000000000000fc, RBX=0x000001e1b28d6328, RCX=0x0000000000fd0017, RDX=0x000001e1b3529c00
RSP=0x00000044353ff820, RBP=0x000001e1b2aaa850, RSI=0x0000000000000000, RDI=0xffffffffffffffff
R8 =0x000000000000002a, R9 =0x000000000000006a, R10=0x000001e1b3528720, R11=0x00000044353ff840
R12=0x00000044353ff978, R13=0x0000000000000000, R14=0x000000080034efb8, R15=0x00000044353ff9a0
RIP=0x00007ff82884bc8a, EFLAGS=0x0000000000010202

Top of Stack: (sp=0x00000044353ff820)
0x00000044353ff820:   0000000000000025 000000080034efb8
0x00000044353ff830:   000001e1b2ab97d0 00007ff82857b44c
0x00000044353ff840:   ffffffffffffffff 00007ff8285b7e6c
0x00000044353ff850:   000001e1b28d6328 000001e1b28d6300
0x00000044353ff860:   000001e1b2aaa850 000001e1b6d332e0
0x00000044353ff870:   000001e1b28d62c0 00000000000003d8
0x00000044353ff880:   000001e1b28d62d0 000001e1b28d66a8
0x00000044353ff890:   000000000000f501 00000044353ff978
0x00000044353ff8a0:   0000000000000007 000001e1b2ab9a78
0x00000044353ff8b0:   00000007026df5e0 00007ff82857f4d4
0x00000044353ff8c0:   000001e1b2ab97d0 00000044353ff9a0
0x00000044353ff8d0:   000001e19f40c5d0 00000044353ff9a0
0x00000044353ff8e0:   000001e1b2ab97d0 0000000000000000
0x00000044353ff8f0:   0000000000000000 0000000000000000
0x00000044353ff900:   000001e1b36d0f18 00007ff859702dff
0x00000044353ff910:   00000044353ff998 00007ff859711aa0 

Instructions: (pc=0x00007ff82884bc8a)
0x00007ff82884bb8a:   48 83 c4 20 5f e9 3c a2 90 ff cc cc cc cc cc cc
0x00007ff82884bb9a:   cc cc cc cc cc cc 48 89 5c 24 08 57 48 83 ec 20
0x00007ff82884bbaa:   83 fa 02 8d 42 06 b9 08 00 00 00 49 8b d8 0f 4e
0x00007ff82884bbba:   c1 48 63 c8 48 83 c1 07 83 e1 f8 48 63 f9 49 8b
0x00007ff82884bbca:   48 18 48 8b c7 48 f7 d0 48 3b c1 73 16 4c 8d 05
0x00007ff82884bbda:   5a 55 17 00 48 8b d7 48 8b cb e8 47 05 91 ff 48
0x00007ff82884bbea:   8b 4b 18 48 8d 04 39 48 3b 43 20 76 18 45 33 c0
0x00007ff82884bbfa:   48 8b d7 48 8b cb 48 8b 5c 24 30 48 83 c4 20 5f
0x00007ff82884bc0a:   e9 a1 01 91 ff 48 89 43 18 48 8b c1 48 8b 5c 24
0x00007ff82884bc1a:   30 48 83 c4 20 5f c3 cc cc cc cc cc cc cc cc cc
0x00007ff82884bc2a:   cc cc cc cc cc cc 4c 8b d2 4c 8b d9 45 85 c0 7e
0x00007ff82884bc3a:   3c 44 0f b7 49 04 41 8d 40 ff 41 3b c1 44 0f 4c
0x00007ff82884bc4a:   c8 4d 63 c1 45 85 c9 7e 1f 48 8b c2 4c 2b da 49
0x00007ff82884bc5a:   8b d0 0f 1f 40 00 41 0f b6 4c 03 06 88 08 48 8d
0x00007ff82884bc6a:   40 01 48 83 ea 01 75 ee 43 c6 04 10 00 49 8b c2
0x00007ff82884bc7a:   c3 cc cc cc cc cc 48 89 5c 24 08 57 48 83 ec 20
0x00007ff82884bc8a:   0f b7 59 04 48 8b f9 33 d2 48 8d 4b 01 e8 24 e8
0x00007ff82884bc9a:   f2 ff 0f b7 57 04 4c 8b c0 3b da 0f 42 d3 44 8b
0x00007ff82884bcaa:   ca 85 d2 74 39 48 2b f8 0f 1f 40 00 66 66 0f 1f
0x00007ff82884bcba:   84 00 00 00 00 00 0f b6 4c 07 06 88 08 48 ff c0
0x00007ff82884bcca:   48 8b c8 49 2b c8 49 3b c9 7c eb 42 c6 04 02 00
0x00007ff82884bcda:   49 8b c0 48 8b 5c 24 30 48 83 c4 20 5f c3 48 8b
0x00007ff82884bcea:   5c 24 30 c6 04 02 00 48 83 c4 20 5f c3 cc cc cc
0x00007ff82884bcfa:   cc cc cc cc cc cc 4c 8b d1 45 85 c0 7e 6c 44 0f
0x00007ff82884bd0a:   b7 49 04 41 8d 40 ff 41 3b c1 44 0f 4c c8 4d 63
0x00007ff82884bd1a:   d9 45 85 c9 7e 22 48 8b ca 4c 2b d2 4d 8b c3 0f
0x00007ff82884bd2a:   1f 80 00 00 00 00 41 0f b6 44 0a 06 88 01 48 8d
0x00007ff82884bd3a:   49 01 49 83 e8 01 75 ee 41 c6 04 13 00 48 c7 c0
0x00007ff82884bd4a:   ff ff ff ff 66 90 48 ff c0 80 3c 02 00 75 f7 48
0x00007ff82884bd5a:   63 c8 85 c0 48 8b c2 7e 14 80 38 2f 75 03 c6 00
0x00007ff82884bd6a:   2e 48 ff c0 48 83 e9 01 75 ef 48 8b c2 c3 cc cc
0x00007ff82884bd7a:   cc cc cc cc cc cc 48 83 ec 28 e8 f7 fe ff ff 4c 


Stack slot to memory mapping:
stack at sp + 0 slots: 0x0000000000000025 is an unknown value
stack at sp + 1 slots: 0x000000080034efb8 is a pointer to class: 
com.wavem.service.MulticastEchoServer {0x000000080034efc0}
 - instance size:     6
 - klass size:        77
 - access:            public synchronized 
 - state:             fully_initialized
 - name:              'com/wavem/service/MulticastEchoServer'
 - super:             'java/lang/Object'
 - sub:               
 - arrays:            NULL
 - methods:           Array<T>(0x000001e1b7c6d7b8)
 - method ordering:   Array<T>(0x000001e1b7c6e1c8)
 - default_methods:   Array<T>(0x0000000000000000)
 - local interfaces:  Array<T>(0x000001e1b5d24fb8)
 - trans. interfaces: Array<T>(0x000001e1b5d2a1a0)
 - constants:         constant pool [313] {0x000001e1b7c74008} for 'com/wavem/service/MulticastEchoServer' cache=0x000001e1b7c6f6b0
 - class loader data:  loader data: 0x000001e1b28feea0 for instance a 'jdk/internal/loader/ClassLoaders$AppClassLoader'{0x0000000701507df8}
 - source file:       'MulticastEchoServer.java'
 - source debug extension:       SMAP
MulticastEchoServer.java
Java
*S jdt
*F
1 MulticastEchoServer.java
2 file:/D:/dev/workspace/LidarReceiver/target/classes/
*L
*E

 - class annotations:       Array<T>(0x000001e1b7c6e178)
 - class type annotations:  Array<T>(0x0000000000000000)
 - field annotations:       Array<T>(0x000001e1b7c6d6e0)
 - field type annotations:  Array<T>(0x0000000000000000)
 - previous version:  constant pool [307] {0x000001e1b5d288d8} for 'com/wavem/service/MulticastEchoServer' (extra) cache=0x000001e1b679ab60
 - generic signature: '
[error occurred during error reporting (inspecting top of stack), id 0xc0000005, EXCEPTION_ACCESS_VIOLATION (0xc0000005) at pc=0x00007ff82884c896]


---------------  P R O C E S S  ---------------

Threads class SMR info:
_java_thread_list=0x000001e1b4f42210, length=37, elements={
0x000001e19f41ef50, 0x000001e1b1e3eab0, 0x000001e1b2835fa0, 0x000001e1b289c9d0,
0x000001e1b289d290, 0x000001e1b28bae70, 0x000001e1b28bb730, 0x000001e1b28c1500,
0x000001e1b28c9e10, 0x000001e1b29fe7f0, 0x000001e1b2ab97d0, 0x000001e1b2abaa50,
0x000001e1b2abb1e0, 0x000001e1b31fd8f0, 0x000001e1b341d450, 0x000001e1b3398a00,
0x000001e1b342dab0, 0x000001e1b4396d50, 0x000001e1b4397a40, 0x000001e1b4277ed0,
0x000001e1b4f04ef0, 0x000001e1b4ee4030, 0x000001e1b4e222f0, 0x000001e1b4e20140,
0x000001e1b4e20610, 0x000001e1b4e1f7a0, 0x000001e1b4e21950, 0x000001e1b4e20ae0,
0x000001e1b4e227c0, 0x000001e1b4e21480, 0x000001e1b4e21e20, 0x000001e1b4e23160,
0x000001e1b6d98c20, 0x000001e1b6d98750, 0x000001e1b6d9b2a0, 0x000001e1b6d9bc40,
0x000001e1b6d9cab0
}

Java Threads: ( => current thread )
  0x000001e19f41ef50 JavaThread "main" [_thread_blocked, id=21956, stack(0x0000004434200000,0x0000004434300000)]
  0x000001e1b1e3eab0 JavaThread "Reference Handler" daemon [_thread_blocked, id=22188, stack(0x0000004434900000,0x0000004434a00000)]
  0x000001e1b2835fa0 JavaThread "Finalizer" daemon [_thread_blocked, id=26100, stack(0x0000004434a00000,0x0000004434b00000)]
  0x000001e1b289c9d0 JavaThread "Signal Dispatcher" daemon [_thread_blocked, id=26092, stack(0x0000004434b00000,0x0000004434c00000)]
  0x000001e1b289d290 JavaThread "Attach Listener" daemon [_thread_blocked, id=26096, stack(0x0000004434c00000,0x0000004434d00000)]
  0x000001e1b28bae70 JavaThread "Service Thread" daemon [_thread_blocked, id=26360, stack(0x0000004434d00000,0x0000004434e00000)]
  0x000001e1b28bb730 JavaThread "Monitor Deflation Thread" daemon [_thread_blocked, id=19876, stack(0x0000004434e00000,0x0000004434f00000)]
  0x000001e1b28c1500 JavaThread "C1 CompilerThread0" daemon [_thread_blocked, id=26364, stack(0x0000004434f00000,0x0000004435000000)]
  0x000001e1b28c9e10 JavaThread "Sweeper thread" daemon [_thread_blocked, id=26392, stack(0x0000004435000000,0x0000004435100000)]
  0x000001e1b29fe7f0 JavaThread "Common-Cleaner" daemon [_thread_blocked, id=24812, stack(0x0000004435100000,0x0000004435200000)]
=>0x000001e1b2ab97d0 JavaThread "JDWP Transport Listener: dt_socket" daemon [_thread_in_vm, id=26376, stack(0x0000004435300000,0x0000004435400000)]
  0x000001e1b2abaa50 JavaThread "JDWP Event Helper Thread" daemon [_thread_blocked, id=26320, stack(0x0000004435400000,0x0000004435500000)]
  0x000001e1b2abb1e0 JavaThread "JDWP Command Reader" daemon [_thread_in_native, id=25392, stack(0x0000004435500000,0x0000004435600000)]
  0x000001e1b31fd8f0 JavaThread "Notification Thread" daemon [_thread_blocked, id=26412, stack(0x0000004435600000,0x0000004435700000)]
  0x000001e1b341d450 JavaThread "RMI TCP Accept-0" daemon [_thread_in_native, id=9876, stack(0x0000004435800000,0x0000004435900000)]
  0x000001e1b3398a00 JavaThread "RMI TCP Accept-53251" daemon [_thread_in_native, id=26404, stack(0x0000004435900000,0x0000004435a00000)]
  0x000001e1b342dab0 JavaThread "RMI TCP Accept-0" daemon [_thread_in_native, id=7236, stack(0x0000004435a00000,0x0000004435b00000)]
  0x000001e1b4396d50 JavaThread "RMI Scheduler(0)" daemon [_thread_blocked, id=25132, stack(0x0000004436500000,0x0000004436600000)]
  0x000001e1b4397a40 JavaThread "RMI TCP Connection(2)-127.0.0.1" daemon [_thread_in_native, id=13588, stack(0x0000004436600000,0x0000004436700000)]
  0x000001e1b4277ed0 JavaThread "JMX server connection timeout 25" daemon [_thread_blocked, id=20400, stack(0x0000004436700000,0x0000004436800000)]
  0x000001e1b4f04ef0 JavaThread "Catalina-utility-1" [_thread_blocked, id=22604, stack(0x0000004436800000,0x0000004436900000)]
  0x000001e1b4ee4030 JavaThread "Catalina-utility-2" [_thread_blocked, id=21576, stack(0x0000004436a00000,0x0000004436b00000)]
  0x000001e1b4e222f0 JavaThread "container-0" [_thread_blocked, id=14120, stack(0x0000004436b00000,0x0000004436c00000)]
  0x000001e1b4e20140 JavaThread "http-nio-8089-exec-1" daemon [_thread_blocked, id=24300, stack(0x0000004436c00000,0x0000004436d00000)]
  0x000001e1b4e20610 JavaThread "http-nio-8089-exec-2" daemon [_thread_blocked, id=1328, stack(0x0000004436d00000,0x0000004436e00000)]
  0x000001e1b4e1f7a0 JavaThread "http-nio-8089-exec-3" daemon [_thread_blocked, id=26600, stack(0x0000004436e00000,0x0000004436f00000)]
  0x000001e1b4e21950 JavaThread "http-nio-8089-exec-4" daemon [_thread_blocked, id=26596, stack(0x0000004436f00000,0x0000004437000000)]
  0x000001e1b4e20ae0 JavaThread "http-nio-8089-exec-5" daemon [_thread_blocked, id=8260, stack(0x0000004437000000,0x0000004437100000)]
  0x000001e1b4e227c0 JavaThread "http-nio-8089-exec-6" daemon [_thread_blocked, id=25760, stack(0x0000004437100000,0x0000004437200000)]
  0x000001e1b4e21480 JavaThread "http-nio-8089-exec-7" daemon [_thread_blocked, id=12824, stack(0x0000004437200000,0x0000004437300000)]
  0x000001e1b4e21e20 JavaThread "http-nio-8089-exec-8" daemon [_thread_blocked, id=25400, stack(0x0000004437300000,0x0000004437400000)]
  0x000001e1b4e23160 JavaThread "http-nio-8089-exec-9" daemon [_thread_blocked, id=15032, stack(0x0000004437400000,0x0000004437500000)]
  0x000001e1b6d98c20 JavaThread "http-nio-8089-exec-10" daemon [_thread_blocked, id=19500, stack(0x0000004437500000,0x0000004437600000)]
  0x000001e1b6d98750 JavaThread "http-nio-8089-Poller" daemon [_thread_in_native, id=26528, stack(0x0000004437600000,0x0000004437700000)]
  0x000001e1b6d9b2a0 JavaThread "http-nio-8089-Acceptor" daemon [_thread_in_native, id=3708, stack(0x0000004437700000,0x0000004437800000)]
  0x000001e1b6d9bc40 JavaThread "mysql-cj-abandoned-connection-cleanup" daemon [_thread_blocked, id=20488, stack(0x0000004437800000,0x0000004437900000)]
  0x000001e1b6d9cab0 JavaThread "HikariPool-1 housekeeper" daemon [_thread_blocked, id=19744, stack(0x0000004437a00000,0x0000004437b00000)]

Other Threads:
  0x000001e1b1e38bc0 VMThread "VM Thread" [stack: 0x0000004434800000,0x0000004434900000] [id=7724] _threads_hazard_ptr=0x000001e1b4f42210
  0x000001e19f420020 WatcherThread [stack: 0x0000004435b00000,0x0000004435c00000] [id=26324]
  0x000001e19f46f0a0 GCTaskThread "GC Thread#0" [stack: 0x0000004434300000,0x0000004434400000] [id=22904]
  0x000001e1b33d30e0 GCTaskThread "GC Thread#1" [stack: 0x0000004435c00000,0x0000004435d00000] [id=26436]
  0x000001e1b3454800 GCTaskThread "GC Thread#2" [stack: 0x0000004435d00000,0x0000004435e00000] [id=24600]
  0x000001e1b3454ab0 GCTaskThread "GC Thread#3" [stack: 0x0000004435e00000,0x0000004435f00000] [id=25612]
  0x000001e1b3454d60 GCTaskThread "GC Thread#4" [stack: 0x0000004435f00000,0x0000004436000000] [id=19356]
  0x000001e1b3461510 GCTaskThread "GC Thread#5" [stack: 0x0000004436000000,0x0000004436100000] [id=12784]
  0x000001e1b361cd00 GCTaskThread "GC Thread#6" [stack: 0x0000004436100000,0x0000004436200000] [id=4300]
  0x000001e1b361cfb0 GCTaskThread "GC Thread#7" [stack: 0x0000004436200000,0x0000004436300000] [id=2392]
  0x000001e19f47fdb0 ConcurrentGCThread "G1 Main Marker" [stack: 0x0000004434400000,0x0000004434500000] [id=21680]
  0x000001e19f481290 ConcurrentGCThread "G1 Conc#0" [stack: 0x0000004434500000,0x0000004434600000] [id=17944]
  0x000001e1b443d6a0 ConcurrentGCThread "G1 Conc#1" [stack: 0x0000004436900000,0x0000004436a00000] [id=26208]
  0x000001e19f4de860 ConcurrentGCThread "G1 Refine#0" [stack: 0x0000004434600000,0x0000004434700000] [id=24940]
  0x000001e1b1cdf3b0 ConcurrentGCThread "G1 Service" [stack: 0x0000004434700000,0x0000004434800000] [id=26400]

Threads with active compile tasks:

VM state: synchronizing (normal execution)

VM Mutex/Monitor currently owned by a thread:  ([mutex/lock_event])
[0x000001e19f41aad0] Threads_lock - owner thread: 0x000001e1b1e38bc0

Heap address: 0x0000000701400000, size: 4076 MB, Compressed Oops mode: Zero based, Oop shift amount: 3

CDS archive(s) not mapped
Compressed class space mapped at: 0x0000000800000000-0x0000000840000000, reserved size: 1073741824
Narrow klass base: 0x0000000800000000, Narrow klass shift: 0, Narrow klass range: 0x40000000

GC Precious Log:
 CPUs: 8 total, 8 available
 Memory: 16301M
 Large Page Support: Disabled
 NUMA Support: Disabled
 Compressed Oops: Enabled (Zero based)
 Heap Region Size: 2M
 Heap Min Capacity: 8M
 Heap Initial Capacity: 256M
 Heap Max Capacity: 4076M
 Pre-touch: Disabled
 Parallel Workers: 8
 Concurrent Workers: 2
 Concurrent Refinement Workers: 8
 Periodic GC: Disabled

Heap:
 garbage-first heap   total 159744K, used 53241K [0x0000000701400000, 0x0000000800000000)
  region size 2048K, 19 young (38912K), 1 survivors (2048K)
 Metaspace       used 46551K, committed 47040K, reserved 1097728K
  class space    used 5730K, committed 5952K, reserved 1048576K

Heap Regions: E=young(eden), S=young(survivor), O=old, HS=humongous(starts), HC=humongous(continues), CS=collection set, F=free, OA=open archive, CA=closed archive, TAMS=top-at-mark-start (previous, next)
|   0|0x0000000701400000, 0x0000000701600000, 0x0000000701600000|100%| O|  |TAMS 0x0000000701600000, 0x0000000701400000| Untracked 
|   1|0x0000000701600000, 0x0000000701800000, 0x0000000701800000|100%| O|  |TAMS 0x0000000701800000, 0x0000000701600000| Untracked 
|   2|0x0000000701800000, 0x0000000701a00000, 0x0000000701a00000|100%| O|  |TAMS 0x0000000701800000, 0x0000000701800000| Untracked 
|   3|0x0000000701a00000, 0x0000000701c00000, 0x0000000701c00000|100%| O|  |TAMS 0x0000000701c00000, 0x0000000701a00000| Untracked 
|   4|0x0000000701c00000, 0x0000000701df2c00, 0x0000000701e00000| 97%| O|  |TAMS 0x0000000701c00000, 0x0000000701c00000| Untracked 
|   5|0x0000000701e00000, 0x0000000701e00000, 0x0000000702000000|  0%| F|  |TAMS 0x0000000701e00000, 0x0000000701e00000| Untracked 
|   6|0x0000000702000000, 0x0000000702000000, 0x0000000702200000|  0%| F|  |TAMS 0x0000000702000000, 0x0000000702000000| Untracked 
|   7|0x0000000702200000, 0x0000000702200000, 0x0000000702400000|  0%| F|  |TAMS 0x0000000702200000, 0x0000000702200000| Untracked 
|   8|0x0000000702400000, 0x0000000702600000, 0x0000000702600000|100%| O|  |TAMS 0x0000000702400000, 0x0000000702400000| Untracked 
|   9|0x0000000702600000, 0x0000000702800000, 0x0000000702800000|100%| O|  |TAMS 0x0000000702600000, 0x0000000702600000| Untracked 
|  10|0x0000000702800000, 0x0000000702a00000, 0x0000000702a00000|100%| O|  |TAMS 0x0000000702800000, 0x0000000702800000| Untracked 
|  11|0x0000000702a00000, 0x0000000702c00000, 0x0000000702c00000|100%| O|  |TAMS 0x0000000702a00000, 0x0000000702a00000| Untracked 
|  12|0x0000000702c00000, 0x0000000702c00000, 0x0000000702e00000|  0%| F|  |TAMS 0x0000000702c00000, 0x0000000702c00000| Untracked 
|  13|0x0000000702e00000, 0x0000000702e00000, 0x0000000703000000|  0%| F|  |TAMS 0x0000000702e00000, 0x0000000702e00000| Untracked 
|  14|0x0000000703000000, 0x0000000703000000, 0x0000000703200000|  0%| F|  |TAMS 0x0000000703000000, 0x0000000703000000| Untracked 
|  15|0x0000000703200000, 0x0000000703200000, 0x0000000703400000|  0%| F|  |TAMS 0x0000000703200000, 0x0000000703200000| Untracked 
|  16|0x0000000703400000, 0x0000000703400000, 0x0000000703600000|  0%| F|  |TAMS 0x0000000703400000, 0x0000000703400000| Untracked 
|  17|0x0000000703600000, 0x0000000703600000, 0x0000000703800000|  0%| F|  |TAMS 0x0000000703600000, 0x0000000703600000| Untracked 
|  18|0x0000000703800000, 0x0000000703800000, 0x0000000703a00000|  0%| F|  |TAMS 0x0000000703800000, 0x0000000703800000| Untracked 
|  19|0x0000000703a00000, 0x0000000703a00000, 0x0000000703c00000|  0%| F|  |TAMS 0x0000000703a00000, 0x0000000703a00000| Untracked 
|  20|0x0000000703c00000, 0x0000000703c00000, 0x0000000703e00000|  0%| F|  |TAMS 0x0000000703c00000, 0x0000000703c00000| Untracked 
|  21|0x0000000703e00000, 0x0000000703e00000, 0x0000000704000000|  0%| F|  |TAMS 0x0000000703e00000, 0x0000000703e00000| Untracked 
|  22|0x0000000704000000, 0x0000000704000000, 0x0000000704200000|  0%| F|  |TAMS 0x0000000704000000, 0x0000000704000000| Untracked 
|  23|0x0000000704200000, 0x0000000704200000, 0x0000000704400000|  0%| F|  |TAMS 0x0000000704200000, 0x0000000704200000| Untracked 
|  24|0x0000000704400000, 0x0000000704400000, 0x0000000704600000|  0%| F|  |TAMS 0x0000000704400000, 0x0000000704400000| Untracked 
|  25|0x0000000704600000, 0x0000000704600000, 0x0000000704800000|  0%| F|  |TAMS 0x0000000704600000, 0x0000000704600000| Untracked 
|  26|0x0000000704800000, 0x0000000704800000, 0x0000000704a00000|  0%| F|  |TAMS 0x0000000704800000, 0x0000000704800000| Untracked 
|  27|0x0000000704a00000, 0x0000000704a00000, 0x0000000704c00000|  0%| F|  |TAMS 0x0000000704a00000, 0x0000000704a00000| Untracked 
|  28|0x0000000704c00000, 0x0000000704c00000, 0x0000000704e00000|  0%| F|  |TAMS 0x0000000704c00000, 0x0000000704c00000| Untracked 
|  29|0x0000000704e00000, 0x0000000704e00000, 0x0000000705000000|  0%| F|  |TAMS 0x0000000704e00000, 0x0000000704e00000| Untracked 
|  30|0x0000000705000000, 0x0000000705000000, 0x0000000705200000|  0%| F|  |TAMS 0x0000000705000000, 0x0000000705000000| Untracked 
|  31|0x0000000705200000, 0x0000000705200000, 0x0000000705400000|  0%| F|  |TAMS 0x0000000705200000, 0x0000000705200000| Untracked 
|  32|0x0000000705400000, 0x000000070540b8f0, 0x0000000705600000|  2%| S|CS|TAMS 0x0000000705400000, 0x0000000705400000| Complete 
|  33|0x0000000705600000, 0x0000000705600000, 0x0000000705800000|  0%| F|  |TAMS 0x0000000705600000, 0x0000000705600000| Untracked 
|  34|0x0000000705800000, 0x0000000705800000, 0x0000000705a00000|  0%| F|  |TAMS 0x0000000705800000, 0x0000000705800000| Untracked 
|  35|0x0000000705a00000, 0x0000000705a00000, 0x0000000705c00000|  0%| F|  |TAMS 0x0000000705a00000, 0x0000000705a00000| Untracked 
|  36|0x0000000705c00000, 0x0000000705c00000, 0x0000000705e00000|  0%| F|  |TAMS 0x0000000705c00000, 0x0000000705c00000| Untracked 
|  37|0x0000000705e00000, 0x0000000705e00000, 0x0000000706000000|  0%| F|  |TAMS 0x0000000705e00000, 0x0000000705e00000| Untracked 
|  38|0x0000000706000000, 0x0000000706000000, 0x0000000706200000|  0%| F|  |TAMS 0x0000000706000000, 0x0000000706000000| Untracked 
|  39|0x0000000706200000, 0x0000000706200000, 0x0000000706400000|  0%| F|  |TAMS 0x0000000706200000, 0x0000000706200000| Untracked 
|  40|0x0000000706400000, 0x0000000706400000, 0x0000000706600000|  0%| F|  |TAMS 0x0000000706400000, 0x0000000706400000| Untracked 
|  41|0x0000000706600000, 0x0000000706600000, 0x0000000706800000|  0%| F|  |TAMS 0x0000000706600000, 0x0000000706600000| Untracked 
|  42|0x0000000706800000, 0x0000000706800000, 0x0000000706a00000|  0%| F|  |TAMS 0x0000000706800000, 0x0000000706800000| Untracked 
|  43|0x0000000706a00000, 0x0000000706a00000, 0x0000000706c00000|  0%| F|  |TAMS 0x0000000706a00000, 0x0000000706a00000| Untracked 
|  44|0x0000000706c00000, 0x0000000706c00000, 0x0000000706e00000|  0%| F|  |TAMS 0x0000000706c00000, 0x0000000706c00000| Untracked 
|  45|0x0000000706e00000, 0x0000000706e00000, 0x0000000707000000|  0%| F|  |TAMS 0x0000000706e00000, 0x0000000706e00000| Untracked 
|  46|0x0000000707000000, 0x0000000707000000, 0x0000000707200000|  0%| F|  |TAMS 0x0000000707000000, 0x0000000707000000| Untracked 
|  47|0x0000000707200000, 0x0000000707200000, 0x0000000707400000|  0%| F|  |TAMS 0x0000000707200000, 0x0000000707200000| Untracked 
|  48|0x0000000707400000, 0x0000000707400000, 0x0000000707600000|  0%| F|  |TAMS 0x0000000707400000, 0x0000000707400000| Untracked 
|  49|0x0000000707600000, 0x0000000707600000, 0x0000000707800000|  0%| F|  |TAMS 0x0000000707600000, 0x0000000707600000| Untracked 
|  50|0x0000000707800000, 0x0000000707800000, 0x0000000707a00000|  0%| F|  |TAMS 0x0000000707800000, 0x0000000707800000| Untracked 
|  51|0x0000000707a00000, 0x0000000707a00000, 0x0000000707c00000|  0%| F|  |TAMS 0x0000000707a00000, 0x0000000707a00000| Untracked 
|  52|0x0000000707c00000, 0x0000000707c00000, 0x0000000707e00000|  0%| F|  |TAMS 0x0000000707c00000, 0x0000000707c00000| Untracked 
|  53|0x0000000707e00000, 0x0000000707e00000, 0x0000000708000000|  0%| F|  |TAMS 0x0000000707e00000, 0x0000000707e00000| Untracked 
|  54|0x0000000708000000, 0x0000000708000000, 0x0000000708200000|  0%| F|  |TAMS 0x0000000708000000, 0x0000000708000000| Untracked 
|  55|0x0000000708200000, 0x0000000708200000, 0x0000000708400000|  0%| F|  |TAMS 0x0000000708200000, 0x0000000708200000| Untracked 
|  56|0x0000000708400000, 0x0000000708400000, 0x0000000708600000|  0%| F|  |TAMS 0x0000000708400000, 0x0000000708400000| Untracked 
|  57|0x0000000708600000, 0x0000000708600000, 0x0000000708800000|  0%| F|  |TAMS 0x0000000708600000, 0x0000000708600000| Untracked 
|  58|0x0000000708800000, 0x0000000708800000, 0x0000000708a00000|  0%| F|  |TAMS 0x0000000708800000, 0x0000000708800000| Untracked 
|  59|0x0000000708a00000, 0x0000000708a00000, 0x0000000708c00000|  0%| F|  |TAMS 0x0000000708a00000, 0x0000000708a00000| Untracked 
|  60|0x0000000708c00000, 0x0000000708dea2c8, 0x0000000708e00000| 95%| E|  |TAMS 0x0000000708c00000, 0x0000000708c00000| Complete 
|  61|0x0000000708e00000, 0x0000000709000000, 0x0000000709000000|100%| E|CS|TAMS 0x0000000708e00000, 0x0000000708e00000| Complete 
|  62|0x0000000709000000, 0x0000000709200000, 0x0000000709200000|100%| E|CS|TAMS 0x0000000709000000, 0x0000000709000000| Complete 
|  63|0x0000000709200000, 0x0000000709400000, 0x0000000709400000|100%| E|CS|TAMS 0x0000000709200000, 0x0000000709200000| Complete 
|  64|0x0000000709400000, 0x0000000709600000, 0x0000000709600000|100%| E|CS|TAMS 0x0000000709400000, 0x0000000709400000| Complete 
|  65|0x0000000709600000, 0x0000000709800000, 0x0000000709800000|100%| E|CS|TAMS 0x0000000709600000, 0x0000000709600000| Complete 
|  66|0x0000000709800000, 0x0000000709a00000, 0x0000000709a00000|100%| E|CS|TAMS 0x0000000709800000, 0x0000000709800000| Complete 
|  67|0x0000000709a00000, 0x0000000709c00000, 0x0000000709c00000|100%| E|CS|TAMS 0x0000000709a00000, 0x0000000709a00000| Complete 
|  68|0x0000000709c00000, 0x0000000709e00000, 0x0000000709e00000|100%| E|CS|TAMS 0x0000000709c00000, 0x0000000709c00000| Complete 
|  69|0x0000000709e00000, 0x000000070a000000, 0x000000070a000000|100%| E|CS|TAMS 0x0000000709e00000, 0x0000000709e00000| Complete 
|  70|0x000000070a000000, 0x000000070a200000, 0x000000070a200000|100%| E|CS|TAMS 0x000000070a000000, 0x000000070a000000| Complete 
|  71|0x000000070a200000, 0x000000070a400000, 0x000000070a400000|100%| E|CS|TAMS 0x000000070a200000, 0x000000070a200000| Complete 
|  72|0x000000070a400000, 0x000000070a600000, 0x000000070a600000|100%| E|CS|TAMS 0x000000070a400000, 0x000000070a400000| Complete 
|  73|0x000000070a600000, 0x000000070a800000, 0x000000070a800000|100%| E|CS|TAMS 0x000000070a600000, 0x000000070a600000| Complete 
|  74|0x000000070a800000, 0x000000070aa00000, 0x000000070aa00000|100%| E|CS|TAMS 0x000000070a800000, 0x000000070a800000| Complete 
|  75|0x000000070aa00000, 0x000000070ac00000, 0x000000070ac00000|100%| E|CS|TAMS 0x000000070aa00000, 0x000000070aa00000| Complete 
|  76|0x000000070ac00000, 0x000000070ae00000, 0x000000070ae00000|100%| E|CS|TAMS 0x000000070ac00000, 0x000000070ac00000| Complete 
| 127|0x0000000711200000, 0x0000000711400000, 0x0000000711400000|100%| E|CS|TAMS 0x0000000711200000, 0x0000000711200000| Complete 

Card table byte_map: [0x000001e1a63c0000,0x000001e1a6bc0000] _byte_map_base: 0x000001e1a2bb6000

Marking Bits (Prev, Next): (CMBitMap*) 0x000001e19f46f5c0, (CMBitMap*) 0x000001e19f46f600
 Prev Bits: [0x000001e1a73c0000, 0x000001e1ab370000)
 Next Bits: [0x000001e1ab370000, 0x000001e1af320000)

Polling page: 0x000001e19d580000

Metaspace:

Usage:
  Non-class:     39.86 MB used.
      Class:      5.60 MB used.
       Both:     45.46 MB used.

Virtual space:
  Non-class space:       48.00 MB reserved,      40.13 MB ( 84%) committed,  6 nodes.
      Class space:        1.00 GB reserved,       5.81 MB ( <1%) committed,  1 nodes.
             Both:        1.05 GB reserved,      45.94 MB (  4%) committed. 

Chunk freelists:
   Non-Class:  3.54 MB
       Class:  2.04 MB
        Both:  5.58 MB

MaxMetaspaceSize: unlimited
CompressedClassSpaceSize: 1.00 GB
Initial GC threshold: 21.00 MB
Current GC threshold: 59.06 MB
CDS: off
MetaspaceReclaimPolicy: balanced
 - commit_granule_bytes: 65536.
 - commit_granule_words: 8192.
 - virtual_space_node_default_size: 1048576.
 - enlarge_chunks_in_place: 1.
 - new_chunks_are_fully_committed: 0.
 - uncommit_free_chunks: 1.
 - use_allocation_guard: 0.
 - handle_deallocations: 1.


Internal statistics:

num_allocs_failed_limit: 6.
num_arena_births: 482.
num_arena_deaths: 0.
num_vsnodes_births: 7.
num_vsnodes_deaths: 0.
num_space_committed: 735.
num_space_uncommitted: 0.
num_chunks_returned_to_freelist: 6.
num_chunks_taken_from_freelist: 1715.
num_chunk_merges: 6.
num_chunk_splits: 1148.
num_chunks_enlarged: 830.
num_purges: 0.
num_inconsistent_stats: 0.

CodeCache: size=49152Kb used=10277Kb max_used=11046Kb free=38874Kb
 bounds [0x000001e1a2ab0000, 0x000001e1a3580000, 0x000001e1a5ab0000]
 total_blobs=5623 nmethods=5070 adapters=480
 compilation: enabled
              stopped_count=0, restarted_count=0
 full_count=0

Compilation events (20 events):
Event: 118.556 Thread 0x000001e1b28c1500 5062       1       java.util.concurrent.locks.AbstractQueuedSynchronizer::hasQueuedPredecessors (58 bytes)
Event: 118.557 Thread 0x000001e1b28c1500 nmethod 5062 0x000001e1a2c1f090 code [0x000001e1a2c1f220, 0x000001e1a2c1f3c8]
Event: 119.107 Thread 0x000001e1b28c1500 5063       1       com.sun.jmx.mbeanserver.JmxMBeanServer::cloneObjectName (11 bytes)
Event: 119.108 Thread 0x000001e1b28c1500 nmethod 5063 0x000001e1a2c1e990 code [0x000001e1a2c1eb60, 0x000001e1a2c1ee58]
Event: 119.108 Thread 0x000001e1b28c1500 5064       1       javax.management.ObjectName::getInstance (22 bytes)
Event: 119.108 Thread 0x000001e1b28c1500 nmethod 5064 0x000001e1a2c1e310 code [0x000001e1a2c1e4e0, 0x000001e1a2c1e778]
Event: 119.612 Thread 0x000001e1b28c1500 5065       1       java.io.ObjectInputStream$BlockDataInputStream::read (138 bytes)
Event: 119.613 Thread 0x000001e1b28c1500 nmethod 5065 0x000001e1a2c1db10 code [0x000001e1a2c1dd00, 0x000001e1a2c1e148]
Event: 120.114 Thread 0x000001e1b28c1500 5066       1       java.rmi.server.UID::equals (54 bytes)
Event: 120.115 Thread 0x000001e1b28c1500 nmethod 5066 0x000001e1a2c1d710 code [0x000001e1a2c1d8a0, 0x000001e1a2c1da58]
Event: 120.115 Thread 0x000001e1b28c1500 5067       1       java.util.Collections::reverse (125 bytes)
Event: 120.116 Thread 0x000001e1b28c1500 nmethod 5067 0x000001e1a2c1ce90 code [0x000001e1a2c1d0c0, 0x000001e1a2c1d468]
Event: 120.666 Thread 0x000001e1b28c1500 5068       1       javax.management.ObjectName::getCanonicalKeyPropertyListString (45 bytes)
Event: 120.666 Thread 0x000001e1b28c1500 nmethod 5068 0x000001e1a2c1ca10 code [0x000001e1a2c1cbc0, 0x000001e1a2c1cd68]
Event: 120.864 Thread 0x000001e1b28c1500 5069       1       java.lang.ClassLoader::getResource (41 bytes)
Event: 120.865 Thread 0x000001e1b28c1500 nmethod 5069 0x000001e1a2c1c510 code [0x000001e1a2c1c6e0, 0x000001e1a2c1c8f8]
Event: 121.136 Thread 0x000001e1b28c1500 5070       1       sun.rmi.transport.ObjectEndpoint::hashCode (27 bytes)
Event: 121.137 Thread 0x000001e1b28c1500 nmethod 5070 0x000001e1a2c1c110 code [0x000001e1a2c1c2a0, 0x000001e1a2c1c3c8]
Event: 121.137 Thread 0x000001e1b28c1500 5071       1       java.rmi.server.ObjID::hashCode (6 bytes)
Event: 121.137 Thread 0x000001e1b28c1500 nmethod 5071 0x000001e1a2c1be10 code [0x000001e1a2c1bfa0, 0x000001e1a2c1c078]

GC Heap History (20 events):
Event: 69.842 GC heap before
{Heap before GC invocations=26 (full 0):
 garbage-first heap   total 159744K, used 107023K [0x0000000701400000, 0x0000000800000000)
  region size 2048K, 46 young (94208K), 3 survivors (6144K)
 Metaspace       used 46534K, committed 47040K, reserved 1097728K
  class space    used 5730K, committed 5952K, reserved 1048576K
}
Event: 69.847 GC heap after
{Heap after GC invocations=27 (full 0):
 garbage-first heap   total 159744K, used 18590K [0x0000000701400000, 0x0000000800000000)
  region size 2048K, 3 young (6144K), 3 survivors (6144K)
 Metaspace       used 46534K, committed 47040K, reserved 1097728K
  class space    used 5730K, committed 5952K, reserved 1048576K
}
Event: 74.053 GC heap before
{Heap before GC invocations=27 (full 0):
 garbage-first heap   total 159744K, used 106654K [0x0000000701400000, 0x0000000800000000)
  region size 2048K, 46 young (94208K), 3 survivors (6144K)
 Metaspace       used 46534K, committed 47040K, reserved 1097728K
  class space    used 5730K, committed 5952K, reserved 1048576K
}
Event: 74.056 GC heap after
{Heap after GC invocations=28 (full 0):
 garbage-first heap   total 159744K, used 19003K [0x0000000701400000, 0x0000000800000000)
  region size 2048K, 2 young (4096K), 2 survivors (4096K)
 Metaspace       used 46534K, committed 47040K, reserved 1097728K
  class space    used 5730K, committed 5952K, reserved 1048576K
}
Event: 87.289 GC heap before
{Heap before GC invocations=28 (full 0):
 garbage-first heap   total 159744K, used 109115K [0x0000000701400000, 0x0000000800000000)
  region size 2048K, 46 young (94208K), 2 survivors (4096K)
 Metaspace       used 46534K, committed 47040K, reserved 1097728K
  class space    used 5730K, committed 5952K, reserved 1048576K
}
Event: 87.293 GC heap after
{Heap after GC invocations=29 (full 0):
 garbage-first heap   total 159744K, used 18653K [0x0000000701400000, 0x0000000800000000)
  region size 2048K, 1 young (2048K), 1 survivors (2048K)
 Metaspace       used 46534K, committed 47040K, reserved 1097728K
  class space    used 5730K, committed 5952K, reserved 1048576K
}
Event: 91.883 GC heap before
{Heap before GC invocations=29 (full 0):
 garbage-first heap   total 159744K, used 110813K [0x0000000701400000, 0x0000000800000000)
  region size 2048K, 46 young (94208K), 1 survivors (2048K)
 Metaspace       used 46534K, committed 47040K, reserved 1097728K
  class space    used 5730K, committed 5952K, reserved 1048576K
}
Event: 91.885 GC heap after
{Heap after GC invocations=30 (full 0):
 garbage-first heap   total 159744K, used 18509K [0x0000000701400000, 0x0000000800000000)
  region size 2048K, 1 young (2048K), 1 survivors (2048K)
 Metaspace       used 46534K, committed 47040K, reserved 1097728K
  class space    used 5730K, committed 5952K, reserved 1048576K
}
Event: 95.992 GC heap before
{Heap before GC invocations=30 (full 0):
 garbage-first heap   total 159744K, used 110669K [0x0000000701400000, 0x0000000800000000)
  region size 2048K, 46 young (94208K), 1 survivors (2048K)
 Metaspace       used 46535K, committed 47040K, reserved 1097728K
  class space    used 5730K, committed 5952K, reserved 1048576K
}
Event: 95.994 GC heap after
{Heap after GC invocations=31 (full 0):
 garbage-first heap   total 159744K, used 18944K [0x0000000701400000, 0x0000000800000000)
  region size 2048K, 1 young (2048K), 1 survivors (2048K)
 Metaspace       used 46535K, committed 47040K, reserved 1097728K
  class space    used 5730K, committed 5952K, reserved 1048576K
}
Event: 100.693 GC heap before
{Heap before GC invocations=31 (full 0):
 garbage-first heap   total 159744K, used 111104K [0x0000000701400000, 0x0000000800000000)
  region size 2048K, 46 young (94208K), 1 survivors (2048K)
 Metaspace       used 46535K, committed 47040K, reserved 1097728K
  class space    used 5730K, committed 5952K, reserved 1048576K
}
Event: 100.696 GC heap after
{Heap after GC invocations=32 (full 0):
 garbage-first heap   total 159744K, used 19184K [0x0000000701400000, 0x0000000800000000)
  region size 2048K, 1 young (2048K), 1 survivors (2048K)
 Metaspace       used 46535K, committed 47040K, reserved 1097728K
  class space    used 5730K, committed 5952K, reserved 1048576K
}
Event: 105.448 GC heap before
{Heap before GC invocations=32 (full 0):
 garbage-first heap   total 159744K, used 111344K [0x0000000701400000, 0x0000000800000000)
  region size 2048K, 46 young (94208K), 1 survivors (2048K)
 Metaspace       used 46535K, committed 47040K, reserved 1097728K
  class space    used 5730K, committed 5952K, reserved 1048576K
}
Event: 105.450 GC heap after
{Heap after GC invocations=33 (full 0):
 garbage-first heap   total 159744K, used 18629K [0x0000000701400000, 0x0000000800000000)
  region size 2048K, 1 young (2048K), 1 survivors (2048K)
 Metaspace       used 46535K, committed 47040K, reserved 1097728K
  class space    used 5730K, committed 5952K, reserved 1048576K
}
Event: 110.252 GC heap before
{Heap before GC invocations=33 (full 0):
 garbage-first heap   total 159744K, used 110789K [0x0000000701400000, 0x0000000800000000)
  region size 2048K, 46 young (94208K), 1 survivors (2048K)
 Metaspace       used 46535K, committed 47040K, reserved 1097728K
  class space    used 5730K, committed 5952K, reserved 1048576K
}
Event: 110.253 GC heap after
{Heap after GC invocations=34 (full 0):
 garbage-first heap   total 159744K, used 18545K [0x0000000701400000, 0x0000000800000000)
  region size 2048K, 1 young (2048K), 1 survivors (2048K)
 Metaspace       used 46535K, committed 47040K, reserved 1097728K
  class space    used 5730K, committed 5952K, reserved 1048576K
}
Event: 115.007 GC heap before
{Heap before GC invocations=34 (full 0):
 garbage-first heap   total 159744K, used 110705K [0x0000000701400000, 0x0000000800000000)
  region size 2048K, 46 young (94208K), 1 survivors (2048K)
 Metaspace       used 46535K, committed 47040K, reserved 1097728K
  class space    used 5730K, committed 5952K, reserved 1048576K
}
Event: 115.009 GC heap after
{Heap after GC invocations=35 (full 0):
 garbage-first heap   total 159744K, used 18476K [0x0000000701400000, 0x0000000800000000)
  region size 2048K, 1 young (2048K), 1 survivors (2048K)
 Metaspace       used 46535K, committed 47040K, reserved 1097728K
  class space    used 5730K, committed 5952K, reserved 1048576K
}
Event: 119.609 GC heap before
{Heap before GC invocations=35 (full 0):
 garbage-first heap   total 159744K, used 110636K [0x0000000701400000, 0x0000000800000000)
  region size 2048K, 46 young (94208K), 1 survivors (2048K)
 Metaspace       used 46535K, committed 47040K, reserved 1097728K
  class space    used 5730K, committed 5952K, reserved 1048576K
}
Event: 119.611 GC heap after
{Heap after GC invocations=36 (full 0):
 garbage-first heap   total 159744K, used 18425K [0x0000000701400000, 0x0000000800000000)
  region size 2048K, 1 young (2048K), 1 survivors (2048K)
 Metaspace       used 46535K, committed 47040K, reserved 1097728K
  class space    used 5730K, committed 5952K, reserved 1048576K
}

Deoptimization events (20 events):
Event: 3.237 Thread 0x000001e19f41ef50 DEOPT PACKING pc=0x000001e1a3356a6c sp=0x00000044342fed90
Event: 3.237 Thread 0x000001e19f41ef50 DEOPT UNPACKING pc=0x000001e1a2b02b43 sp=0x00000044342fe250 mode 1
Event: 3.251 Thread 0x000001e19f41ef50 DEOPT PACKING pc=0x000001e1a2f87b64 sp=0x00000044342fdb10
Event: 3.251 Thread 0x000001e19f41ef50 DEOPT UNPACKING pc=0x000001e1a2b02b43 sp=0x00000044342fcfa8 mode 1
Event: 3.251 Thread 0x000001e19f41ef50 DEOPT PACKING pc=0x000001e1a2f7427c sp=0x00000044342fdbe0
Event: 3.251 Thread 0x000001e19f41ef50 DEOPT UNPACKING pc=0x000001e1a2b02b43 sp=0x00000044342fd098 mode 1
Event: 3.252 Thread 0x000001e19f41ef50 DEOPT PACKING pc=0x000001e1a2f87b64 sp=0x00000044342fdbd0
Event: 3.252 Thread 0x000001e19f41ef50 DEOPT UNPACKING pc=0x000001e1a2b02b43 sp=0x00000044342fd068 mode 1
Event: 3.252 Thread 0x000001e19f41ef50 DEOPT PACKING pc=0x000001e1a2f7427c sp=0x00000044342fdca0
Event: 3.252 Thread 0x000001e19f41ef50 DEOPT UNPACKING pc=0x000001e1a2b02b43 sp=0x00000044342fd158 mode 1
Event: 3.252 Thread 0x000001e19f41ef50 DEOPT PACKING pc=0x000001e1a2f87b64 sp=0x00000044342fdca0
Event: 3.252 Thread 0x000001e19f41ef50 DEOPT UNPACKING pc=0x000001e1a2b02b43 sp=0x00000044342fd138 mode 1
Event: 3.252 Thread 0x000001e19f41ef50 DEOPT PACKING pc=0x000001e1a2f7427c sp=0x00000044342fdd70
Event: 3.252 Thread 0x000001e19f41ef50 DEOPT UNPACKING pc=0x000001e1a2b02b43 sp=0x00000044342fd228 mode 1
Event: 10.885 Thread 0x000001e19f41ef50 DEOPT PACKING pc=0x000001e1a2f87b64 sp=0x00000044342fc2b0
Event: 10.885 Thread 0x000001e19f41ef50 DEOPT UNPACKING pc=0x000001e1a2b02b43 sp=0x00000044342fb748 mode 1
Event: 10.885 Thread 0x000001e19f41ef50 DEOPT PACKING pc=0x000001e1a2f7427c sp=0x00000044342fc380
Event: 10.885 Thread 0x000001e19f41ef50 DEOPT UNPACKING pc=0x000001e1a2b02b43 sp=0x00000044342fb838 mode 1
Event: 48.957 Thread 0x000001e19f41ef50 DEOPT PACKING pc=0x000001e1a34cc776 sp=0x00000044342ff1e0
Event: 48.958 Thread 0x000001e19f41ef50 DEOPT UNPACKING pc=0x000001e1a2b02b43 sp=0x00000044342fe850 mode 3

Classes unloaded (0 events):
No events

Classes redefined (1 events):
Event: 121.487 Thread 0x000001e1b1e38bc0 redefined class name=com.wavem.service.MulticastEchoServer, count=1

Internal exceptions (20 events):
Event: 2.816 Thread 0x000001e19f41ef50 Exception <a 'java/lang/ClassNotFoundException'{0x0000000703691c80}: org/springframework/context/ResourceLoaderAwareCustomizer> (0x0000000703691c80) 
thrown [e:\jenkins\tmp\workspace\build\src\src\hotspot\share\classfile\systemDictionary.cpp, line 256]
Event: 2.816 Thread 0x000001e19f41ef50 Exception <a 'java/lang/ClassNotFoundException'{0x00000007036964f8}: org/springframework/beans/factory/AwareCustomizer> (0x00000007036964f8) 
thrown [e:\jenkins\tmp\workspace\build\src\src\hotspot\share\classfile\systemDictionary.cpp, line 256]
Event: 2.817 Thread 0x000001e19f41ef50 Exception <a 'java/lang/ClassNotFoundException'{0x000000070369a110}: org/springframework/context/ApplicationContextAwareCustomizer> (0x000000070369a110) 
thrown [e:\jenkins\tmp\workspace\build\src\src\hotspot\share\classfile\systemDictionary.cpp, line 256]
Event: 2.817 Thread 0x000001e19f41ef50 Exception <a 'java/lang/ClassNotFoundException'{0x000000070369f050}: org/springframework/beans/factory/AwareCustomizer> (0x000000070369f050) 
thrown [e:\jenkins\tmp\workspace\build\src\src\hotspot\share\classfile\systemDictionary.cpp, line 256]
Event: 2.817 Thread 0x000001e19f41ef50 Exception <a 'java/lang/ClassNotFoundException'{0x00000007036a2c80}: org/springframework/web/context/ServletContextAwareCustomizer> (0x00000007036a2c80) 
thrown [e:\jenkins\tmp\workspace\build\src\src\hotspot\share\classfile\systemDictionary.cpp, line 256]
Event: 2.817 Thread 0x000001e19f41ef50 Exception <a 'java/lang/ClassNotFoundException'{0x00000007036a7930}: org/springframework/beans/factory/AwareCustomizer> (0x00000007036a7930) 
thrown [e:\jenkins\tmp\workspace\build\src\src\hotspot\share\classfile\systemDictionary.cpp, line 256]
Event: 2.901 Thread 0x000001e19f41ef50 Exception <a 'java/lang/NoSuchMethodError'{0x0000000702f36700}: 'void java.lang.invoke.DirectMethodHandle$Holder.invokeVirtual(java.lang.Object, java.lang.Object, int)'> (0x0000000702f36700) 
thrown [e:\jenkins\tmp\workspace\build\src\src\hotspot\share\interpreter\linkResolver.cpp, line 766]
Event: 2.903 Thread 0x000001e19f41ef50 Exception <a 'java/lang/NoSuchMethodError'{0x0000000702f51288}: 'void java.lang.invoke.DirectMethodHandle$Holder.invokeVirtual(java.lang.Object, java.lang.Object, long)'> (0x0000000702f51288) 
thrown [e:\jenkins\tmp\workspace\build\src\src\hotspot\share\interpreter\linkResolver.cpp, line 766]
Event: 3.010 Thread 0x000001e19f41ef50 Exception <a 'java/lang/IncompatibleClassChangeError'{0x000000070a5a97a0}: Found class java.lang.Object, but interface was expected> (0x000000070a5a97a0) 
thrown [e:\jenkins\tmp\workspace\build\src\src\hotspot\share\interpreter\linkResolver.cpp, line 833]
Event: 3.049 Thread 0x000001e19f41ef50 Exception <a 'java/lang/NoSuchMethodError'{0x000000070a07d048}: 'int java.lang.invoke.DirectMethodHandle$Holder.invokeStaticInit(java.lang.Object, java.lang.Object, java.lang.Object, java.lang.Object)'> (0x000000070a07d048) 
thrown [e:\jenkins\tmp\workspace\build\src\src\hotspot\share\interpreter\linkResolver.cpp, line 766]
Event: 3.243 Thread 0x000001e19f41ef50 Exception <a 'java/lang/NoSuchMethodError'{0x000000070903b100}: 'java.lang.Object java.lang.invoke.DirectMethodHandle$Holder.newInvokeSpecial(java.lang.Object, java.lang.Object, int, java.lang.Object, java.lang.Object)'> (0x000000070903b100) 
thrown [e:\jenkins\tmp\workspace\build\src\src\hotspot\share\interpreter\linkResolver.cpp, line 766]
Event: 3.244 Thread 0x000001e19f41ef50 Exception <a 'java/lang/NoSuchMethodError'{0x0000000709046950}: 'java.lang.Object java.lang.invoke.DirectMethodHandle$Holder.invokeSpecial(java.lang.Object, java.lang.Object, int, java.lang.Object, int, java.lang.Object)'> (0x0000000709046950) 
thrown [e:\jenkins\tmp\workspace\build\src\src\hotspot\share\interpreter\linkResolver.cpp, line 766]
Event: 3.245 Thread 0x000001e19f41ef50 Exception <a 'java/lang/NoSuchMethodError'{0x000000070904e750}: 'java.lang.Object java.lang.invoke.DirectMethodHandle$Holder.newInvokeSpecial(java.lang.Object, java.lang.Object, int, java.lang.Object, int)'> (0x000000070904e750) 
thrown [e:\jenkins\tmp\workspace\build\src\src\hotspot\share\interpreter\linkResolver.cpp, line 766]
Event: 3.245 Thread 0x000001e19f41ef50 Exception <a 'java/lang/NoSuchMethodError'{0x0000000709052850}: 'java.lang.Object java.lang.invoke.DirectMethodHandle$Holder.invokeSpecial(java.lang.Object, java.lang.Object, java.lang.Object, int, java.lang.Object, int)'> (0x0000000709052850) 
thrown [e:\jenkins\tmp\workspace\build\src\src\hotspot\share\interpreter\linkResolver.cpp, line 766]
Event: 3.247 Thread 0x000001e19f41ef50 Exception <a 'java/lang/NoSuchMethodError'{0x0000000709061e70}: 'void java.lang.invoke.DirectMethodHandle$Holder.invokeVirtual(java.lang.Object, java.lang.Object)'> (0x0000000709061e70) 
thrown [e:\jenkins\tmp\workspace\build\src\src\hotspot\share\interpreter\linkResolver.cpp, line 766]
Event: 10.885 Thread 0x000001e19f41ef50 Exception <a 'java/lang/NoClassDefFoundError'{0x00000007075bf760}: com/sun/jna/Platform> (0x00000007075bf760) 
thrown [e:\jenkins\tmp\workspace\build\src\src\hotspot\share\classfile\systemDictionary.cpp, line 245]
Event: 10.917 Thread 0x000001e19f41ef50 Exception <a 'java/lang/NoSuchMethodError'{0x00000007070f4900}: 'java.lang.Object java.lang.invoke.DirectMethodHandle$Holder.invokeStatic(java.lang.Object, java.lang.Object, long, java.lang.Object)'> (0x00000007070f4900) 
thrown [e:\jenkins\tmp\workspace\build\src\src\hotspot\share\interpreter\linkResolver.cpp, line 766]
Event: 10.917 Thread 0x000001e19f41ef50 Exception <a 'java/lang/NoSuchMethodError'{0x00000007070f8640}: 'java.lang.Object java.lang.invoke.DirectMethodHandle$Holder.invokeStaticInit(java.lang.Object, java.lang.Object, long, java.lang.Object)'> (0x00000007070f8640) 
thrown [e:\jenkins\tmp\workspace\build\src\src\hotspot\share\interpreter\linkResolver.cpp, line 766]
Event: 10.918 Thread 0x000001e19f41ef50 Exception <a 'java/lang/NoSuchMethodError'{0x00000007070fec18}: 'java.lang.Object java.lang.invoke.DirectMethodHandle$Holder.newInvokeSpecial(java.lang.Object, java.lang.Object, long)'> (0x00000007070fec18) 
thrown [e:\jenkins\tmp\workspace\build\src\src\hotspot\share\interpreter\linkResolver.cpp, line 766]
Event: 10.985 Thread 0x000001e19f41ef50 Exception <a 'java/lang/NoSuchMethodError'{0x0000000706a92100}: 'java.lang.Object java.lang.invoke.DirectMethodHandle$Holder.invokeStaticInit(java.lang.Object, java.lang.Object, java.lang.Object, java.lang.Object)'> (0x0000000706a92100) 
thrown [e:\jenkins\tmp\workspace\build\src\src\hotspot\share\interpreter\linkResolver.cpp, line 766]

VM Operations (20 events):
Event: 120.374 Executing VM operation: ICBufferFull done
Event: 120.378 Executing VM operation: ICBufferFull
Event: 120.378 Executing VM operation: ICBufferFull done
Event: 120.381 Executing VM operation: ICBufferFull
Event: 120.382 Executing VM operation: ICBufferFull done
Event: 120.940 Executing VM operation: ICBufferFull
Event: 120.940 Executing VM operation: ICBufferFull done
Event: 120.942 Executing VM operation: ICBufferFull
Event: 120.942 Executing VM operation: ICBufferFull done
Event: 120.944 Executing VM operation: ICBufferFull
Event: 120.945 Executing VM operation: ICBufferFull done
Event: 120.947 Executing VM operation: ICBufferFull
Event: 120.947 Executing VM operation: ICBufferFull done
Event: 120.949 Executing VM operation: ICBufferFull
Event: 120.949 Executing VM operation: ICBufferFull done
Event: 120.952 Executing VM operation: ICBufferFull
Event: 120.952 Executing VM operation: ICBufferFull done
Event: 121.478 Executing VM operation: RedefineClasses
Event: 121.498 Executing VM operation: RedefineClasses done
Event: 121.529 Executing VM operation: ICBufferFull

Events (20 events):
Event: 10.930 loading class jdk/internal/icu/text/NormalizerBase$NFCModeImpl done
Event: 10.930 loading class jdk/internal/icu/impl/Norm2AllModes$NFCSingleton
Event: 10.930 loading class jdk/internal/icu/impl/Norm2AllModes$NFCSingleton done
Event: 10.930 loading class java/util/regex/Pattern$NFCCharProperty
Event: 10.931 loading class java/util/regex/Pattern$NFCCharProperty done
Event: 10.932 Thread 0x000001e1b6d9cab0 Thread added: 0x000001e1b6d9cab0
Event: 10.933 loading class java/util/concurrent/ThreadPoolExecutor$DiscardOldestPolicy
Event: 10.933 loading class java/util/concurrent/ThreadPoolExecutor$DiscardOldestPolicy done
Event: 10.933 loading class java/util/concurrent/ThreadPoolExecutor$CallerRunsPolicy
Event: 10.933 loading class java/util/concurrent/ThreadPoolExecutor$CallerRunsPolicy done
Event: 11.035 Thread 0x000001e1b6d9b770 Thread added: 0x000001e1b6d9b770
Event: 11.491 Thread 0x000001e1b504d870 Thread exited: 0x000001e1b504d870
Event: 13.283 Thread 0x000001e1b33b5f10 Thread exited: 0x000001e1b33b5f10
Event: 13.503 Thread 0x000001e1b29d5fd0 Thread exited: 0x000001e1b29d5fd0
Event: 16.040 loading class java/util/IdentityHashMap$KeyIterator
Event: 16.041 loading class java/util/IdentityHashMap$KeyIterator done
Event: 16.041 Thread 0x000001e1b6d9b770 Thread exited: 0x000001e1b6d9b770
Event: 91.111 Thread 0x000001e1b4356400 Thread exited: 0x000001e1b4356400
Event: 94.714 Thread 0x000001e1b32a6d10 Thread added: 0x000001e1b32a6d10
Event: 102.217 Thread 0x000001e1b32a6d10 Thread exited: 0x000001e1b32a6d10


Dynamic libraries:
0x00007ff7d5380000 - 0x00007ff7d538e000 	C:\App\sts-4.13.1.RELEASE\plugins\org.eclipse.justj.openjdk.hotspot.jre.full.win32.x86_64_17.0.1.v20211116-1657\jre\bin\javaw.exe
0x00007ff885f00000 - 0x00007ff8860ed000 	C:\Windows\SYSTEM32\ntdll.dll
0x00007ff885310000 - 0x00007ff8853c3000 	C:\Windows\System32\KERNEL32.DLL
0x00007ff882a50000 - 0x00007ff882ce5000 	C:\Windows\System32\KERNELBASE.dll
0x00007ff882cf0000 - 0x00007ff882dea000 	C:\Windows\System32\ucrtbase.dll
0x00007ff87be50000 - 0x00007ff87be68000 	C:\App\sts-4.13.1.RELEASE\plugins\org.eclipse.justj.openjdk.hotspot.jre.full.win32.x86_64_17.0.1.v20211116-1657\jre\bin\jli.dll
0x00007ff876790000 - 0x00007ff8767a9000 	C:\App\sts-4.13.1.RELEASE\plugins\org.eclipse.justj.openjdk.hotspot.jre.full.win32.x86_64_17.0.1.v20211116-1657\jre\bin\VCRUNTIME140.dll
0x00007ff8853d0000 - 0x00007ff885567000 	C:\Windows\System32\USER32.dll
0x00007ff882a30000 - 0x00007ff882a50000 	C:\Windows\System32\win32u.dll
0x00007ff8855d0000 - 0x00007ff8855f9000 	C:\Windows\System32\GDI32.dll
0x00007ff882f00000 - 0x00007ff88309c000 	C:\Windows\System32\gdi32full.dll
0x00007ff881fb0000 - 0x00007ff882050000 	C:\Windows\System32\msvcp_win.dll
0x00007ff868c50000 - 0x00007ff868ec9000 	C:\Windows\WinSxS\amd64_microsoft.windows.common-controls_6595b64144ccf1df_6.0.17763.1577_none_de7444545348a3d0\COMCTL32.dll
0x00007ff885210000 - 0x00007ff8852ae000 	C:\Windows\System32\msvcrt.dll
0x00007ff884b00000 - 0x00007ff884e2d000 	C:\Windows\System32\combase.dll
0x00007ff884f20000 - 0x00007ff885042000 	C:\Windows\System32\RPCRT4.dll
0x00007ff8830a0000 - 0x00007ff88311e000 	C:\Windows\System32\bcryptPrimitives.dll
0x00007ff883500000 - 0x00007ff88352e000 	C:\Windows\System32\IMM32.DLL
0x00007ff878b30000 - 0x00007ff878b3c000 	C:\App\sts-4.13.1.RELEASE\plugins\org.eclipse.justj.openjdk.hotspot.jre.full.win32.x86_64_17.0.1.v20211116-1657\jre\bin\vcruntime140_1.dll
0x00007ff866f70000 - 0x00007ff867001000 	C:\App\sts-4.13.1.RELEASE\plugins\org.eclipse.justj.openjdk.hotspot.jre.full.win32.x86_64_17.0.1.v20211116-1657\jre\bin\msvcp140.dll
0x00007ff8280b0000 - 0x00007ff828cf6000 	C:\App\sts-4.13.1.RELEASE\plugins\org.eclipse.justj.openjdk.hotspot.jre.full.win32.x86_64_17.0.1.v20211116-1657\jre\bin\server\jvm.dll
0x00007ff884a50000 - 0x00007ff884af3000 	C:\Windows\System32\ADVAPI32.dll
0x00007ff885100000 - 0x00007ff88519e000 	C:\Windows\System32\sechost.dll
0x00007ff8834e0000 - 0x00007ff8834e8000 	C:\Windows\System32\PSAPI.DLL
0x00007ff87ea70000 - 0x00007ff87ea79000 	C:\Windows\SYSTEM32\WSOCK32.dll
0x00007ff878e00000 - 0x00007ff878e24000 	C:\Windows\SYSTEM32\WINMM.dll
0x00007ff8789a0000 - 0x00007ff8789aa000 	C:\Windows\SYSTEM32\VERSION.dll
0x00007ff8851a0000 - 0x00007ff88520d000 	C:\Windows\System32\WS2_32.dll
0x00007ff878dd0000 - 0x00007ff878dfd000 	C:\Windows\SYSTEM32\winmmbase.dll
0x00007ff8829e0000 - 0x00007ff882a2a000 	C:\Windows\System32\cfgmgr32.dll
0x00007ff881ee0000 - 0x00007ff881ef1000 	C:\Windows\System32\kernel.appcore.dll
0x00007ff87d7b0000 - 0x00007ff87d7ba000 	C:\App\sts-4.13.1.RELEASE\plugins\org.eclipse.justj.openjdk.hotspot.jre.full.win32.x86_64_17.0.1.v20211116-1657\jre\bin\jimage.dll
0x00007ff87bc40000 - 0x00007ff87be2d000 	C:\Windows\SYSTEM32\DBGHELP.DLL
0x00007ff87b870000 - 0x00007ff87b89a000 	C:\Windows\SYSTEM32\dbgcore.DLL
0x00007ff8596e0000 - 0x00007ff85971b000 	C:\App\sts-4.13.1.RELEASE\plugins\org.eclipse.justj.openjdk.hotspot.jre.full.win32.x86_64_17.0.1.v20211116-1657\jre\bin\jdwp.dll
0x00007ff87be70000 - 0x00007ff87be7e000 	C:\App\sts-4.13.1.RELEASE\plugins\org.eclipse.justj.openjdk.hotspot.jre.full.win32.x86_64_17.0.1.v20211116-1657\jre\bin\instrument.dll
0x00007ff876860000 - 0x00007ff876885000 	C:\App\sts-4.13.1.RELEASE\plugins\org.eclipse.justj.openjdk.hotspot.jre.full.win32.x86_64_17.0.1.v20211116-1657\jre\bin\java.dll
0x00007ff87b4d0000 - 0x00007ff87b4e8000 	C:\App\sts-4.13.1.RELEASE\plugins\org.eclipse.justj.openjdk.hotspot.jre.full.win32.x86_64_17.0.1.v20211116-1657\jre\bin\zip.dll
0x00007ff883530000 - 0x00007ff884a29000 	C:\Windows\System32\SHELL32.dll
0x00007ff885050000 - 0x00007ff8850f8000 	C:\Windows\System32\shcore.dll
0x00007ff882280000 - 0x00007ff8829d3000 	C:\Windows\System32\windows.storage.dll
0x00007ff881f20000 - 0x00007ff881f44000 	C:\Windows\System32\profapi.dll
0x00007ff881f50000 - 0x00007ff881fad000 	C:\Windows\System32\powrprof.dll
0x00007ff884ec0000 - 0x00007ff884f12000 	C:\Windows\System32\shlwapi.dll
0x00007ff882230000 - 0x00007ff882247000 	C:\Windows\System32\cryptsp.dll
0x00007ff87eab0000 - 0x00007ff87eabc000 	C:\App\sts-4.13.1.RELEASE\plugins\org.eclipse.justj.openjdk.hotspot.jre.full.win32.x86_64_17.0.1.v20211116-1657\jre\bin\dt_socket.dll
0x00007ff881470000 - 0x00007ff8814ad000 	C:\Windows\SYSTEM32\IPHLPAPI.DLL
0x00007ff881750000 - 0x00007ff8817b7000 	C:\Windows\system32\mswsock.dll
0x00007ff8814b0000 - 0x00007ff881576000 	C:\Windows\SYSTEM32\DNSAPI.dll
0x00007ff8834f0000 - 0x00007ff8834f8000 	C:\Windows\System32\NSI.dll
0x00007ff87ad30000 - 0x00007ff87ad3a000 	C:\Windows\System32\rasadhlp.dll
0x00007ff87b7f0000 - 0x00007ff87b869000 	C:\Windows\System32\fwpuclnt.dll
0x00007ff882250000 - 0x00007ff882276000 	C:\Windows\System32\bcrypt.dll
0x00007ff876840000 - 0x00007ff876859000 	C:\App\sts-4.13.1.RELEASE\plugins\org.eclipse.justj.openjdk.hotspot.jre.full.win32.x86_64_17.0.1.v20211116-1657\jre\bin\net.dll
0x00007ff87cb10000 - 0x00007ff87cc04000 	C:\Windows\SYSTEM32\WINHTTP.dll
0x00007ff876820000 - 0x00007ff876835000 	C:\App\sts-4.13.1.RELEASE\plugins\org.eclipse.justj.openjdk.hotspot.jre.full.win32.x86_64_17.0.1.v20211116-1657\jre\bin\nio.dll
0x00007ff8785f0000 - 0x00007ff8785f9000 	C:\App\sts-4.13.1.RELEASE\plugins\org.eclipse.justj.openjdk.hotspot.jre.full.win32.x86_64_17.0.1.v20211116-1657\jre\bin\management.dll
0x00007ff876990000 - 0x00007ff87699b000 	C:\App\sts-4.13.1.RELEASE\plugins\org.eclipse.justj.openjdk.hotspot.jre.full.win32.x86_64_17.0.1.v20211116-1657\jre\bin\management_ext.dll
0x00007ff870dd0000 - 0x00007ff870de6000 	C:\Windows\system32\napinsp.dll
0x00007ff870be0000 - 0x00007ff870bfa000 	C:\Windows\system32\pnrpnsp.dll
0x00007ff870dc0000 - 0x00007ff870dce000 	C:\Windows\System32\winrnr.dll
0x00007ff87d640000 - 0x00007ff87d65b000 	C:\Windows\system32\NLAapi.dll
0x00007ff878ab0000 - 0x00007ff878ac5000 	C:\Windows\system32\wshbth.dll
0x00007ff8812d0000 - 0x00007ff881303000 	C:\Windows\system32\rsaenh.dll
0x00007ff881e10000 - 0x00007ff881e39000 	C:\Windows\SYSTEM32\USERENV.dll
0x00007ff881920000 - 0x00007ff88192c000 	C:\Windows\SYSTEM32\CRYPTBASE.dll
0x00007ff87c7e0000 - 0x00007ff87c7f6000 	C:\Windows\SYSTEM32\dhcpcsvc6.DLL
0x00007ff87c740000 - 0x00007ff87c75c000 	C:\Windows\SYSTEM32\dhcpcsvc.DLL
0x00007ff87b720000 - 0x00007ff87b730000 	C:\App\sts-4.13.1.RELEASE\plugins\org.eclipse.justj.openjdk.hotspot.jre.full.win32.x86_64_17.0.1.v20211116-1657\jre\bin\verify.dll
0x00007ff876700000 - 0x00007ff87670e000 	C:\App\sts-4.13.1.RELEASE\plugins\org.eclipse.justj.openjdk.hotspot.jre.full.win32.x86_64_17.0.1.v20211116-1657\jre\bin\sunmscapi.dll
0x00007ff882050000 - 0x00007ff88222c000 	C:\Windows\System32\CRYPT32.dll
0x00007ff881f00000 - 0x00007ff881f12000 	C:\Windows\System32\MSASN1.dll
0x00007ff881a20000 - 0x00007ff881a46000 	C:\Windows\SYSTEM32\ncrypt.dll
0x00007ff8819e0000 - 0x00007ff881a1c000 	C:\Windows\SYSTEM32\NTASN1.dll
0x00007ff876040000 - 0x00007ff876047000 	C:\Windows\system32\wshunix.dll

dbghelp: loaded successfully - version: 4.0.5 - missing functions: none
symbol engine: initialized successfully - sym options: 0x614 - pdb path: .;C:\App\sts-4.13.1.RELEASE\plugins\org.eclipse.justj.openjdk.hotspot.jre.full.win32.x86_64_17.0.1.v20211116-1657\jre\bin;C:\Windows\SYSTEM32;C:\Windows\WinSxS\amd64_microsoft.windows.common-controls_6595b64144ccf1df_6.0.17763.1577_none_de7444545348a3d0;C:\App\sts-4.13.1.RELEASE\plugins\org.eclipse.justj.openjdk.hotspot.jre.full.win32.x86_64_17.0.1.v20211116-1657\jre\bin\server

VM Arguments:
jvm_args: -XX:+ShowCodeDetailsInExceptionMessages -agentlib:jdwp=transport=dt_socket,suspend=y,address=localhost:53252 -Dcom.sun.management.jmxremote -Dcom.sun.management.jmxremote.port=53251 -Dcom.sun.management.jmxremote.authenticate=false -Dcom.sun.management.jmxremote.ssl=false -Djava.rmi.server.hostname=localhost -Dspring.jmx.enabled=true -Dspring.application.admin.enabled=true -XX:TieredStopAtLevel=1 -Dspring.boot.project.name=LidarReceiver -javaagent:C:\App\sts-4.13.1.RELEASE\configuration\org.eclipse.osgi\262\0\.cp\lib\javaagent-shaded.jar -Dfile.encoding=UTF-8 
java_command: com.wavem.LidarReceiverApplication --spring.output.ansi.enabled=always
java_class_path (initial): D:\dev\workspace\LidarReceiver\target\classes;C:\Users\권용상\.m2\repository\org\springframework\boot\spring-boot-starter-web-services\2.6.4\spring-boot-starter-web-services-2.6.4.jar;C:\Users\권용상\.m2\repository\org\springframework\boot\spring-boot-starter-web\2.6.4\spring-boot-starter-web-2.6.4.jar;C:\Users\권용상\.m2\repository\org\springframework\boot\spring-boot-starter-json\2.6.4\spring-boot-starter-json-2.6.4.jar;C:\Users\권용상\.m2\repository\com\fasterxml\jackson\core\jackson-databind\2.13.1\jackson-databind-2.13.1.jar;C:\Users\권용상\.m2\repository\com\fasterxml\jackson\core\jackson-annotations\2.13.1\jackson-annotations-2.13.1.jar;C:\Users\권용상\.m2\repository\com\fasterxml\jackson\core\jackson-core\2.13.1\jackson-core-2.13.1.jar;C:\Users\권용상\.m2\repository\com\fasterxml\jackson\datatype\jackson-datatype-jdk8\2.13.1\jackson-datatype-jdk8-2.13.1.jar;C:\Users\권용상\.m2\repository\com\fasterxml\jackson\datatype\jackson-datatype-jsr310\2.13.1\jackson-datatype-jsr310-2.13.1.jar;C:\Users\권용상\.m2\repository\com\fasterxml\jackson\module\jackson-module-parameter-names\2.13.1\jackson-module-parameter-names-2.13.1.jar;C:\Users\권용상\.m2\repository\org\springframework\boot\spring-boot-starter-tomcat\2.6.4\spring-boot-starter-tomcat-2.6.4.jar;C:\Users\권용상\.m2\repository\org\apache\tomcat\embed\tomcat-embed-core\9.0.58\tomcat-embed-core-9.0.58.jar;C:\Users\권용상\.m2\repository\org\apache\tomcat\embed\tomcat-embed-el\9.0.58\tomcat-embed-el-9.0.58.jar;C:\Users\권용상\.m2\repository\org\apache\tomcat\embed\tomcat-embed-websocket\9.0.58\tomcat-embed-websocket-9.0.58.jar;C:\Users\권용상\.m2\repository\org\springframework\spring-web\5.3.16\spring-web-5.3.16.jar;C:\Users\권용상\.m2\repository\org\springframework\spring-webmvc\5.3.16\spring-webmvc-5.3.16.jar;C:\Users\권용상\.m2\repository\org\springframework\spring-context\5.3.16\spring-context-5.3.16.jar;C:\Users\권용상\.m2\repository\org\springframework\spring-expression\5.3.16\spr
Launcher Type: SUN_STANDARD

[Global flags]
     intx CICompilerCount                          = 4                                         {product} {ergonomic}
     uint ConcGCThreads                            = 2                                         {product} {ergonomic}
     uint G1ConcRefinementThreads                  = 8                                         {product} {ergonomic}
   size_t G1HeapRegionSize                         = 2097152                                   {product} {ergonomic}
    uintx GCDrainStackTargetSize                   = 64                                        {product} {ergonomic}
   size_t InitialHeapSize                          = 268435456                                 {product} {ergonomic}
     bool ManagementServer                         = true                                      {product} {command line}
   size_t MarkStackSize                            = 4194304                                   {product} {ergonomic}
   size_t MaxHeapSize                              = 4273995776                                {product} {ergonomic}
   size_t MaxNewSize                               = 2562719744                                {product} {ergonomic}
   size_t MinHeapDeltaBytes                        = 2097152                                   {product} {ergonomic}
   size_t MinHeapSize                              = 8388608                                   {product} {ergonomic}
    uintx NonProfiledCodeHeapSize                  = 0                                      {pd product} {ergonomic}
     bool ProfileInterpreter                       = false                                  {pd product} {command line}
    uintx ProfiledCodeHeapSize                     = 0                                      {pd product} {ergonomic}
     bool ShowCodeDetailsInExceptionMessages       = true                                   {manageable} {command line}
   size_t SoftMaxHeapSize                          = 4273995776                             {manageable} {ergonomic}
     intx TieredStopAtLevel                        = 1                                         {product} {command line}
     bool UseCompressedClassPointers               = true                           {product lp64_product} {ergonomic}
     bool UseCompressedOops                        = true                           {product lp64_product} {ergonomic}
     bool UseG1GC                                  = true                                      {product} {ergonomic}
     bool UseLargePagesIndividualAllocation        = false                                  {pd product} {ergonomic}

Logging:
Log output configuration:
 #0: stdout all=warning uptime,level,tags
 #1: stderr all=off uptime,level,tags

Environment Variables:
JAVA_HOME=C:\Program Files\Java\jdk-11.0.14
PATH=C:\App\sts-4.13.1.RELEASE\plugins\org.eclipse.justj.openjdk.hotspot.jre.full.win32.x86_64_17.0.1.v20211116-1657\jre\bin;C:/App/sts-4.13.1.RELEASE//plugins/org.eclipse.justj.openjdk.hotspot.jre.full.win32.x86_64_17.0.1.v20211116-1657/jre/bin/server;C:/App/sts-4.13.1.RELEASE//plugins/org.eclipse.justj.openjdk.hotspot.jre.full.win32.x86_64_17.0.1.v20211116-1657/jre/bin;C:\Program Files\Common Files\Oracle\Java\javapath;C:\Program Files (x86)\Common Files\Oracle\Java\javapath;C:\Windows\system32;C:\Windows;C:\Windows\System32\Wbem;C:\Windows\System32\WindowsPowerShell\v1.0\;C:\Windows\System32\OpenSSH\;C:\Program Files\dotnet\;C:\Program Files\Microsoft SQL Server\130\Tools\Binn\;C:\Users\권용상\AppData\Local\Microsoft\WindowsApps;C:\App\sts-4.10.0.RELEASE\bin;C:\Program Files\Java\jdk-11.0.14\bin;C:\Users\권용상\.dotnet\tools;C:\Program Files\PCL 1.8.1\binC:\Program Files\OpenNI2\Redist\;C:\Program Files\CMake\bin;C:\Program Files\PCL 1.8.1\bin;C:\App\sts-4.13.1.RELEASE;
USERNAME=권용상
OS=Windows_NT
PROCESSOR_IDENTIFIER=Intel64 Family 6 Model 158 Stepping 9, GenuineIntel



---------------  S Y S T E M  ---------------

OS:
 Windows 10 , 64 bit Build 17763 (10.0.17763.475)
OS uptime: 6 days 18:09 hours

CPU: total 8 (initial active 8) (4 cores per cpu, 2 threads per core) family 6 model 158 stepping 9 microcode 0x8e, cx8, cmov, fxsr, ht, mmx, 3dnowpref, sse, sse2, sse3, ssse3, sse4.1, sse4.2, popcnt, lzcnt, tsc, tscinvbit, avx, avx2, aes, erms, clmul, bmi1, bmi2, adx, fma, vzeroupper, clflush, clflushopt

Memory: 4k page, system-wide physical 16301M (5612M free)
TotalPageFile size 24428M (AvailPageFile size 2853M)
current process WorkingSet (physical memory assigned to process): 257M, peak: 258M
current process commit charge ("private bytes"): 305M, peak: 370M

vm_info: OpenJDK 64-Bit Server VM (17.0.1+12) for windows-amd64 JRE (17.0.1+12), built on Oct 20 2021 07:42:55 by "" with MS VC++ 16.7 (VS2019)

END.
